<?xml version="1.0" encoding="UTF-8"?>
<!-- Generated by org.testng.reporters.JUnitReportReporter -->
<testsuite hostname="WKWEJ450987028" failures="0" tests="1" name="tutorialsninja.register.TC_RF_003" time="6.477" errors="0" timestamp="2025-08-24T22:51:22 IST" skipped="0">
  <testcase classname="tutorialsninja.register.TC_RF_003" name="verifyRegistrationWithAllFields" time="6.477"/>
</testsuite> <!-- tutorialsninja.register.TC_RF_003 -->
