<?xml version="1.0" encoding="UTF-8"?>
<!-- Generated by org.testng.reporters.JUnitReportReporter -->
<testsuite hostname="WKWZTzpQvzlb5W0" failures="0" tests="1" name="tutorialsninja.register.TC_RF_001" time="5.735" errors="0" timestamp="2025-08-19T23:18:36 IST" skipped="0">
  <testcase classname="tutorialsninja.register.TC_RF_001" name="verifyRegisterwithMandatoryFields" time="5.735"/>
</testsuite> <!-- tutorialsninja.register.TC_RF_001 -->
